-------------------- Log Start | Wed Jul 17 03:08:10 2024 --------------------
platform: Linux-6.6.31+rpt-rpi-v8-aarch64-with-glibc2.36
data_path: /home/kkobold/printer_data
is_default_data_path: False
config_file: /home/kkobold/printer_data/config/moonraker.conf
startup_warnings: []
verbose: False
debug: False
asyncio_debug: False
is_backup_config: False
is_python_package: False
instance_uuid: da3de86107214f049d8587438094e697
unix_socket_path: /home/kkobold/printer_data/comms/moonraker.sock
software_version: v0.8.0-385-gdc00d38
git_branch: master
git_remote: origin
git_repo_url: https://github.com/Arksine/moonraker.git
modified_files: []
unofficial_components: []
log_file: /home/kkobold/printer_data/logs/moonraker.log
python_version: 3.11.2 (main, May  2 2024, 11:59:08) [GCC 12.2.0]
launch_args: /home/kkobold/moonraker-env/bin/python /home/kkobold/moonraker/moonraker/moonraker.py -d /home/kkobold/printer_data
msgspec_enabled: False
uvloop_enabled: False

#################### Moonraker Configuration ####################

[server]
host = 0.0.0.0
port = 7125
klippy_uds_address = /home/kkobold/printer_data/comms/klippy.sock

[authorization]
trusted_clients = 
	10.0.0.0/8
	127.0.0.0/8
	169.254.0.0/16
	172.16.0.0/12
	192.168.0.0/16
	FE80::/10
	::1/128
cors_domains = 
	*.lan
	*.local
	*://localhost
	*://localhost:*
	*://my.mainsail.xyz
	*://app.fluidd.xyz

[octoprint_compat]

[history]

[update_manager]
channel = dev
refresh_interval = 168

[update_manager fluidd-config]
type = git_repo
primary_branch = master
path = ~/fluidd-config
origin = https://github.com/fluidd-core/fluidd-config.git
managed_services = klipper

[update_manager fluidd]
type = web
channel = stable
repo = fluidd-core/fluidd
path = ~/fluidd

#################################################################
All Configuration Files:
/home/kkobold/printer_data/config/moonraker.conf
#################################################################
Loading Sqlite database provider. Sqlite Version: 3.40.1
Unsafe Shutdown Count: 3

System Info:

***python***
  version: (3, 11, 2, 'final', 0)
  version_string: 3.11.2 (main, May  2 2024, 11:59:08) [GCC 12.2.0]

***cpu_info***
  cpu_count: 4
  bits: 64bit
  processor: aarch64
  cpu_desc: 
  serial_number: 281aa505
  hardware_desc: 
  model: Raspberry Pi 3 Model B Rev 1.2
  total_memory: 929104
  memory_units: kB

***sd_info***
  manufacturer_id: 89
  manufacturer: Unknown
  oem_id: 0303
  product_name: NCard
  product_revision: 1.0
  serial_number: 29ffff16
  manufacturer_date: 8/2023
  capacity: 29.1 GiB
  total_bytes: 31266439168

***distribution***
  name: Debian GNU/Linux 12 (bookworm)
  id: debian
  version: 12
  version_parts: {'major': '12', 'minor': '', 'build_number': ''}
  like: 
  codename: bookworm
  release_info: {}
  kernel_version: 6.6.31+rpt-rpi-v8

***virtualization***
  virt_type: none
  virt_identifier: none

***network***

***canbus***

***Allowed Services***
  klipper_mcu
  webcamd
  MoonCord
  KlipperScreen
  moonraker-telegram-bot
  moonraker-obico
  sonar
  crowsnest
  octoeverywhere
  ratos-configurator
Module libcamera unavailble, import failed

Systemd unit moonraker.service:
unit_name: moonraker.service
is_default: True
manager: systemd
Properties:
**Requires=['system.slice', 'network-online.target', 'sysinit.target', '-.mount']
**After=['sysinit.target', 'system.slice', 'network-online.target', 'systemd-journald.socket', '-.mount', 'basic.target']
**SupplementaryGroups=['moonraker-admin']
**EnvironmentFiles=/home/kkobold/printer_data/systemd/moonraker.env
**ExecStart=/home/kkobold/moonraker-env/bin/python $MOONRAKER_ARGS
**WorkingDirectory=/home/kkobold/moonraker
**FragmentPath=/etc/systemd/system/moonraker.service
**Description=API Server for Klipper SV1
**User=kkobold

Systemd unit klipper.service:
unit_name: klipper.service
is_default: True
manager: systemd
Properties:
**Requires=['sysinit.target', 'system.slice', '-.mount']
**After=['system.slice', 'network-online.target', '-.mount', 'sysinit.target', 'systemd-journald.socket', 'basic.target']
**SupplementaryGroups=[]
**EnvironmentFiles=/home/kkobold/printer_data/systemd/klipper.env
**ExecStart=/home/kkobold/klippy-env/bin/python $KLIPPER_ARGS
**WorkingDirectory=/home/kkobold/klipper
**FragmentPath=/etc/systemd/system/klipper.service
**Description=Klipper 3D Printer Firmware SV1
**User=kkobold
Git Repo moonraker: No warnings detected
Git Repo klipper: Warnings detected:
  Repo has untracked source files: ['klippy/extras/gcode_shell_command.py', 'klippy/extras/led_interpolate.py', 'klippy/extras/loop_macro.py', 'klippy/extras/settling_probe.py', 'klippy/extras/state_notify.py']
Git Repo fluidd-config: No warnings detected
Klipper Version: v0.12.0-263-g0087f04c-dirty
2024-07-17 00:08:10,239 [common.py:build_error()] - JSON-RPC Request Error - Requested Method: printer.gcode.script, Code: 400, Message: Move out of range: 67.209 65.757 -44.600 [1124.453]
2024-07-17 00:33:03,817 [application.py:prepare()] - Upload Request Received from 192.168.2.183
Content-Type: multipart/form-data; boundary="boundary_.oOo._i/N5XTGZJLQaSyS5CADLfWGC3ZIlbmCp"
2024-07-17 00:33:04,239 [application.py:post()] - Processing Uploaded File: V0_Sherpa_Mini_Mount.gcode
2024-07-17 00:33:04,656 [shell_command.py:pipe_data_received()] - INFO:metadata:Object Processing is disabled

2024-07-17 00:33:04,844 [shell_command.py:_check_proc_success()] - Command (/home/kkobold/moonraker-env/bin/python /home/kkobold/moonraker/moonraker/components/file_manager/metadata.py -p /home/kkobold/printer_data/gcodes -f "V0_Sherpa_Mini_Mount.gcode") successfully finished
2024-07-17 00:33:04,846 [klippy_apis.py:start_print()] - Requesting Job Start, filename = V0_Sherpa_Mini_Mount.gcode
2024-07-17 00:33:04,858 [application.py:log_request()] - 201 POST /server/files/upload (192.168.2.183) [_TRUSTED_USER_] 1042.17ms
2024-07-17 00:33:04,934 [job_state.py:_status_update()] - Job Started: V0_Sherpa_Mini_Mount.gcode
2024-07-17 00:33:50,348 [klippy_apis.py:cancel_print()] - Requesting job cancel...
2024-07-17 00:34:46,279 [klippy_apis.py:start_print()] - Requesting Job Start, filename = V0_Sherpa_Mini_Mount.gcode
2024-07-17 00:34:46,485 [job_state.py:_status_update()] - Job Started: V0_Sherpa_Mini_Mount.gcode
2024-07-17 00:52:40,831 [authorization.py:_prune_conn_handler()] - Trusted Connection Expired, IP: 127.0.0.1
2024-07-17 01:37:40,842 [authorization.py:_prune_conn_handler()] - Trusted Connection Expired, IP: 192.168.2.183
-------------------- Log Start | Wed Jul 17 09:28:43 2024 --------------------
platform: Linux-6.6.31+rpt-rpi-v8-aarch64-with-glibc2.36
data_path: /home/kkobold/printer_data
is_default_data_path: False
config_file: /home/kkobold/printer_data/config/moonraker.conf
startup_warnings: []
verbose: False
debug: False
asyncio_debug: False
is_backup_config: False
is_python_package: False
instance_uuid: da3de86107214f049d8587438094e697
unix_socket_path: /home/kkobold/printer_data/comms/moonraker.sock
software_version: v0.8.0-385-gdc00d38
git_branch: master
git_remote: origin
git_repo_url: https://github.com/Arksine/moonraker.git
modified_files: []
unofficial_components: []
log_file: /home/kkobold/printer_data/logs/moonraker.log
python_version: 3.11.2 (main, May  2 2024, 11:59:08) [GCC 12.2.0]
launch_args: /home/kkobold/moonraker-env/bin/python /home/kkobold/moonraker/moonraker/moonraker.py -d /home/kkobold/printer_data
msgspec_enabled: False
uvloop_enabled: False
2024-07-17 06:28:43,806 [confighelper.py:read_file()] - Configuration File '/home/kkobold/printer_data/config/moonraker.conf' parsed, total size: 717 B
2024-07-17 06:28:43,807 [server.py:add_log_rollover_item()] - 
#################### Moonraker Configuration ####################

[server]
host = 0.0.0.0
port = 7125
klippy_uds_address = /home/kkobold/printer_data/comms/klippy.sock

[authorization]
trusted_clients = 
	10.0.0.0/8
	127.0.0.0/8
	169.254.0.0/16
	172.16.0.0/12
	192.168.0.0/16
	FE80::/10
	::1/128
cors_domains = 
	*.lan
	*.local
	*://localhost
	*://localhost:*
	*://my.mainsail.xyz
	*://app.fluidd.xyz

[octoprint_compat]

[history]

[update_manager]
channel = dev
refresh_interval = 168

[update_manager fluidd-config]
type = git_repo
primary_branch = master
path = ~/fluidd-config
origin = https://github.com/fluidd-core/fluidd-config.git
managed_services = klipper

[update_manager fluidd]
type = web
channel = stable
repo = fluidd-core/fluidd
path = ~/fluidd

#################################################################
All Configuration Files:
/home/kkobold/printer_data/config/moonraker.conf
#################################################################
2024-07-17 06:28:44,303 [server.py:load_component()] - Component (secrets) loaded
2024-07-17 06:28:44,326 [server.py:load_component()] - Component (template) loaded
2024-07-17 06:28:44,337 [server.py:load_component()] - Component (klippy_connection) loaded
2024-07-17 06:28:46,620 [server.py:load_component()] - Component (application) loaded
2024-07-17 06:28:46,709 [server.py:load_component()] - Component (websockets) loaded
2024-07-17 06:28:46,965 [server.py:load_component()] - Component (dbus_manager) loaded
2024-07-17 06:28:47,108 [server.py:add_log_rollover_item()] - Loading Sqlite database provider. Sqlite Version: 3.40.1
2024-07-17 06:28:47,124 [server.py:add_log_rollover_item()] - Unsafe Shutdown Count: 4
2024-07-17 06:28:47,130 [server.py:load_component()] - Component (database) loaded
2024-07-17 06:28:47,188 [file_manager.py:__init__()] - Using File System Observer: inotify
2024-07-17 06:28:47,253 [server.py:load_component()] - Component (file_manager) loaded
2024-07-17 06:28:47,313 [database.py:register_table()] - Found registered table authorized_users
2024-07-17 06:28:47,316 [authorization.py:__init__()] - Authorization Configuration Loaded
Trusted Clients:
10.0.0.0/8
127.0.0.0/8
169.254.0.0/16
172.16.0.0/12
192.168.0.0/16
fe80::/10
::1/128
CORS Domains:
.*\.lan
.*\.local
.*://localhost
.*://localhost:.*
.*://my\.mainsail\.xyz
.*://app\.fluidd\.xyz
2024-07-17 06:28:47,333 [server.py:load_component()] - Component (authorization) loaded
2024-07-17 06:28:47,345 [server.py:load_component()] - Component (klippy_apis) loaded
2024-07-17 06:28:47,647 [server.py:add_log_rollover_item()] - 
System Info:

***python***
  version: (3, 11, 2, 'final', 0)
  version_string: 3.11.2 (main, May  2 2024, 11:59:08) [GCC 12.2.0]

***cpu_info***
  cpu_count: 4
  bits: 64bit
  processor: aarch64
  cpu_desc: 
  serial_number: 281aa505
  hardware_desc: 
  model: Raspberry Pi 3 Model B Rev 1.2
  total_memory: 929104
  memory_units: kB

***sd_info***
  manufacturer_id: 89
  manufacturer: Unknown
  oem_id: 0303
  product_name: NCard
  product_revision: 1.0
  serial_number: 29ffff16
  manufacturer_date: 8/2023
  capacity: 29.1 GiB
  total_bytes: 31266439168

***distribution***
  name: Debian GNU/Linux 12 (bookworm)
  id: debian
  version: 12
  version_parts: {'major': '12', 'minor': '', 'build_number': ''}
  like: 
  codename: bookworm
  release_info: {}
  kernel_version: 6.6.31+rpt-rpi-v8

***virtualization***
  virt_type: none
  virt_identifier: none

***network***

***canbus***

***Allowed Services***
  klipper_mcu
  webcamd
  MoonCord
  KlipperScreen
  moonraker-telegram-bot
  moonraker-obico
  sonar
  crowsnest
  octoeverywhere
  ratos-configurator
2024-07-17 06:28:47,653 [server.py:load_component()] - Component (shell_command) loaded
2024-07-17 06:28:47,654 [machine.py:__init__()] - Using System Provider: systemd_dbus
2024-07-17 06:28:47,669 [server.py:add_log_rollover_item()] - Module libcamera unavailble, import failed
2024-07-17 06:28:47,669 [server.py:load_component()] - Component (machine) loaded
2024-07-17 06:28:47,675 [server.py:load_component()] - Component (data_store) loaded
2024-07-17 06:28:47,681 [proc_stats.py:__init__()] - Detected 'vcgencmd', throttle checking enabled
2024-07-17 06:28:47,682 [server.py:load_component()] - Component (proc_stats) loaded
2024-07-17 06:28:47,686 [server.py:load_component()] - Component (job_state) loaded
2024-07-17 06:28:47,696 [server.py:load_component()] - Component (job_queue) loaded
2024-07-17 06:28:47,702 [database.py:register_table()] - Found registered table job_history
2024-07-17 06:28:47,703 [database.py:register_table()] - Found registered table job_totals
2024-07-17 06:28:47,707 [server.py:load_component()] - Component (history) loaded
2024-07-17 06:28:47,725 [server.py:load_component()] - Component (http_client) loaded
2024-07-17 06:28:47,736 [server.py:load_component()] - Component (announcements) loaded
2024-07-17 06:28:47,744 [server.py:load_component()] - Component (webcam) loaded
2024-07-17 06:28:47,751 [server.py:load_component()] - Component (extensions) loaded
2024-07-17 06:28:47,769 [server.py:load_component()] - Component (octoprint_compat) loaded
2024-07-17 06:28:47,897 [base_deploy.py:log_info()] - Git Repo moonraker: Detected virtualenv: /home/kkobold/moonraker-env
2024-07-17 06:28:47,909 [base_deploy.py:log_info()] - Git Repo klipper: Detected virtualenv: /home/kkobold/klippy-env
2024-07-17 06:28:47,923 [server.py:load_component()] - Component (update_manager) loaded
2024-07-17 06:28:47,926 [server.py:_initialize_component()] - Performing Component Post Init: [dbus_manager]
2024-07-17 06:28:48,102 [server.py:_initialize_component()] - Performing Component Post Init: [database]
2024-07-17 06:28:48,127 [server.py:_initialize_component()] - Performing Component Post Init: [file_manager]
2024-07-17 06:28:48,143 [server.py:_initialize_component()] - Performing Component Post Init: [authorization]
2024-07-17 06:28:48,147 [server.py:_initialize_component()] - Performing Component Post Init: [machine]
2024-07-17 06:28:48,150 [machine.py:validation_init()] - Installation version in database up to date
2024-07-17 06:28:48,900 [machine.py:check_virt_status()] - No Virtualization Detected
2024-07-17 06:28:48,922 [machine.py:_find_public_ip()] - Detected Local IP: 192.168.2.105
2024-07-17 06:28:48,924 [webcam.py:_set_default_host_ip()] - Default public webcam address set: http://192.168.2.105
2024-07-17 06:28:49,033 [server.py:add_log_rollover_item()] - 
Systemd unit moonraker.service:
unit_name: moonraker.service
is_default: True
manager: systemd
Properties:
**Requires=['-.mount', 'network-online.target', 'system.slice', 'sysinit.target']
**After=['-.mount', 'basic.target', 'sysinit.target', 'network-online.target', 'systemd-journald.socket', 'system.slice']
**SupplementaryGroups=['moonraker-admin']
**EnvironmentFiles=/home/kkobold/printer_data/systemd/moonraker.env
**ExecStart=/home/kkobold/moonraker-env/bin/python $MOONRAKER_ARGS
**WorkingDirectory=/home/kkobold/moonraker
**FragmentPath=/etc/systemd/system/moonraker.service
**Description=API Server for Klipper SV1
**User=kkobold
2024-07-17 06:28:49,033 [server.py:_initialize_component()] - Performing Component Post Init: [proc_stats]
2024-07-17 06:28:49,034 [server.py:_initialize_component()] - Performing Component Post Init: [history]
2024-07-17 06:28:49,043 [server.py:_initialize_component()] - Performing Component Post Init: [announcements]
2024-07-17 06:28:49,054 [server.py:_initialize_component()] - Performing Component Post Init: [webcam]
2024-07-17 06:28:49,054 [webcam.py:_set_default_host_ip()] - Default public webcam address set: http://192.168.2.105
2024-07-17 06:28:49,061 [server.py:_initialize_component()] - Performing Component Post Init: [klippy_connection]
2024-07-17 06:28:49,062 [server.py:_initialize_component()] - Performing Component Post Init: [update_manager]
2024-07-17 06:28:49,073 [server.py:add_log_rollover_item()] - 
Systemd unit klipper.service:
unit_name: klipper.service
is_default: True
manager: systemd
Properties:
**Requires=['sysinit.target', 'system.slice', '-.mount']
**After=['system.slice', 'network-online.target', '-.mount', 'sysinit.target', 'systemd-journald.socket', 'basic.target']
**SupplementaryGroups=[]
**EnvironmentFiles=/home/kkobold/printer_data/systemd/klipper.env
**ExecStart=/home/kkobold/klippy-env/bin/python $KLIPPER_ARGS
**WorkingDirectory=/home/kkobold/klipper
**FragmentPath=/etc/systemd/system/klipper.service
**Description=Klipper 3D Printer Firmware SV1
**User=kkobold
2024-07-17 06:28:49,751 [base_deploy.py:log_info()] - PackageDeploy: PackageKit Provider Configured
2024-07-17 06:28:49,754 [git_deploy.py:log_repo_info()] - Git Repo moonraker Detected:
Owner: Arksine
Repository Name: moonraker
Path: /home/kkobold/moonraker
Remote: origin
Branch: master
Remote URL: https://github.com/Arksine/moonraker.git
Recovery URL: https://github.com/Arksine/moonraker.git
Current Commit SHA: dc00d38b01915b9aea736999df9287b2846dd6bf
Upstream Commit SHA: dc00d38b01915b9aea736999df9287b2846dd6bf
Current Version: v0.8.0-385-gdc00d38b
Upstream Version: v0.8.0-385-gdc00d38b
Rollback Commit: dc00d38b01915b9aea736999df9287b2846dd6bf
Rollback Branch: master
Rollback Version: v0.8.0-385-gdc00d38b
Is Dirty: False
Is Detached: False
Is Shallow: False
Commits Behind Count: 0
Diverged: False
Pinned Commit: None
2024-07-17 06:28:49,760 [git_deploy.py:log_repo_info()] - Git Repo klipper Detected:
Owner: Klipper3d
Repository Name: klipper
Path: /home/kkobold/klipper
Remote: origin
Branch: master
Remote URL: https://github.com/Klipper3d/klipper
Recovery URL: https://github.com/Klipper3d/klipper
Current Commit SHA: 0087f04cc370cd542069940f0ed10c583de158ee
Upstream Commit SHA: 0087f04cc370cd542069940f0ed10c583de158ee
Current Version: v0.12.0-263-g0087f04c
Upstream Version: v0.12.0-263-g0087f04c
Rollback Commit: 0087f04cc370cd542069940f0ed10c583de158ee
Rollback Branch: master
Rollback Version: v0.12.0-263-g0087f04c
Is Dirty: False
Is Detached: False
Is Shallow: False
Commits Behind Count: 0
Diverged: False
Pinned Commit: None
Repo Warnings:
  Repo has untracked source files: ['klippy/extras/gcode_shell_command.py', 'klippy/extras/led_interpolate.py', 'klippy/extras/loop_macro.py', 'klippy/extras/settling_probe.py', 'klippy/extras/state_notify.py']
2024-07-17 06:28:49,767 [git_deploy.py:log_repo_info()] - Git Repo fluidd-config Detected:
Owner: fluidd-core
Repository Name: fluidd-config
Path: /home/kkobold/fluidd-config
Remote: origin
Branch: master
Remote URL: https://github.com/fluidd-core/fluidd-config.git
Recovery URL: https://github.com/fluidd-core/fluidd-config.git
Current Commit SHA: ce48c5854e9ca3ca72b63d0327069fac20e94c7c
Upstream Commit SHA: ce48c5854e9ca3ca72b63d0327069fac20e94c7c
Current Version: v1.2.0-0-gce48c585
Upstream Version: v1.2.0-0-gce48c585
Rollback Commit: ce48c5854e9ca3ca72b63d0327069fac20e94c7c
Rollback Branch: master
Rollback Version: v1.2.0-0-gce48c585
Is Dirty: False
Is Detached: False
Is Shallow: False
Commits Behind Count: 0
Diverged: False
Pinned Commit: None
2024-07-17 06:28:49,779 [base_deploy.py:log_info()] - Web Client fluidd: Detected
Repo: fluidd-core/fluidd
Channel: stable
Path: /home/kkobold/fluidd
Local Version: v1.30.1
Remote Version: v1.30.1
Valid: True
Fallback Detected: False
Pre-release: False
Download Url: https://github.com/fluidd-core/fluidd/releases/download/v1.30.1/fluidd.zip
Download Size: 3726613
Content Type: application/zip
Rollback Version: v1.30.1
Rollback Repo: fluidd-core/fluidd
2024-07-17 06:28:49,779 [base_deploy.py:log_info()] - PackageKit: Next refresh in: 6 Days, 13 Hours, 18 Minutes, 8 Seconds
2024-07-17 06:28:49,780 [base_deploy.py:log_info()] - Git Repo moonraker: Next refresh in: 6 Days, 13 Hours, 18 Minutes, 9 Seconds
2024-07-17 06:28:49,780 [base_deploy.py:log_info()] - Git Repo klipper: Next refresh in: 6 Days, 13 Hours, 18 Minutes, 10 Seconds
2024-07-17 06:28:49,780 [base_deploy.py:log_info()] - Git Repo fluidd-config: Next refresh in: 6 Days, 13 Hours, 19 Minutes, 51 Seconds
2024-07-17 06:28:49,780 [base_deploy.py:log_info()] - Web Client fluidd: Next refresh in: 6 Days, 13 Hours, 19 Minutes, 52 Seconds
2024-07-17 06:28:49,786 [extensions.py:start_unix_server()] - Creating Unix Domain Socket at '/home/kkobold/printer_data/comms/moonraker.sock'
2024-07-17 06:28:49,787 [server.py:start_server()] - Starting Moonraker on (0.0.0.0, 7125), Hostname: valentina
2024-07-17 06:28:49,789 [application.py:listen()] - SSL Certificate/Key not configured, aborting HTTPS Server startup
2024-07-17 06:28:50,043 [klippy_connection.py:_do_connect()] - Klippy Connection Established
2024-07-17 06:28:50,157 [server.py:add_log_rollover_item()] - 
Systemd unit klipper.service:
unit_name: klipper.service
is_default: True
manager: systemd
Properties:
**Requires=['sysinit.target', '-.mount', 'system.slice']
**After=['systemd-journald.socket', 'basic.target', '-.mount', 'system.slice', 'network-online.target', 'sysinit.target']
**SupplementaryGroups=[]
**EnvironmentFiles=/home/kkobold/printer_data/systemd/klipper.env
**ExecStart=/home/kkobold/klippy-env/bin/python $KLIPPER_ARGS
**WorkingDirectory=/home/kkobold/klipper
**FragmentPath=/etc/systemd/system/klipper.service
**Description=Klipper 3D Printer Firmware SV1
**User=kkobold
2024-07-17 06:28:50,412 [server.py:add_log_rollover_item()] - Klipper Version: v0.12.0-263-g0087f04c-dirty
2024-07-17 06:28:50,437 [klippy_connection.py:_request_initial_subscriptions()] - Webhooks Subscribed
2024-07-17 06:28:50,440 [klippy_connection.py:_request_initial_subscriptions()] - GCode Output Subscribed
2024-07-17 06:28:50,688 [job_state.py:_handle_started()] - Job state initialized: standby
2024-07-17 06:28:50,953 [klippy_connection.py:_check_ready()] - Klippy ready
2024-07-17 06:28:51,019 [authorization.py:_check_trusted_connection()] - Trusted Connection Detected, IP: 127.0.0.1
2024-07-17 06:28:51,037 [application.py:log_request()] - 101 GET /websocket?token= (127.0.0.1) [_TRUSTED_USER_] 6.78ms
2024-07-17 06:28:51,038 [websockets.py:open()] - Websocket Opened: ID: 548022769296, Proxied: False, User Agent: , Host Name: 127.0.0.1
2024-07-17 06:28:51,159 [websockets.py:_handle_identify()] - Websocket 548022769296 Client Identified - Name: KlipperScreen, Version: v0.4.3-37-gf4992e11, Type: display
2024-07-17 06:28:51,440 [data_store.py:_init_sensors()] - Configuring available sensors: ['heater_bed', 'extruder']
2024-07-17 06:28:51,745 [file_manager.py:get_file_list()] - Updating File List <gcodes>...
2024-07-17 06:29:16,346 [authorization.py:_check_trusted_connection()] - Trusted Connection Detected, IP: 192.168.2.183
2024-07-17 06:29:16,420 [application.py:log_request()] - 101 GET /websocket?token=VI4VRKHODIGG5VSXH63CONIXLZN5JVDO (192.168.2.183) [_TRUSTED_USER_] 3.83ms
2024-07-17 06:29:16,421 [websockets.py:open()] - Websocket Opened: ID: 548022733072, Proxied: False, User Agent: Mozilla/5.0 (Macintosh; Intel Mac OS X 10_15_7) AppleWebKit/605.1.15 (KHTML, like Gecko) Version/17.5 Safari/605.1.15, Host Name: 192.168.2.105
2024-07-17 06:29:16,425 [websockets.py:_handle_identify()] - Websocket 548022733072 Client Identified - Name: fluidd, Version: 1.30.1-62fe404, Type: web
2024-07-17 06:29:16,425 [file_manager.py:get_file_list()] - Updating File List <config>...
2024-07-17 06:29:29,417 [application.py:prepare()] - Upload Request Received from 192.168.2.183
Content-Type: multipart/form-data; boundary="boundary_.oOo._fl+roWOh6YSYrf1h6+RT/M1BOu0bTEw8"
2024-07-17 06:29:29,845 [application.py:post()] - Processing Uploaded File: V0_Sherpa_Mini_Mount.gcode
2024-07-17 06:29:30,653 [shell_command.py:pipe_data_received()] - INFO:metadata:Object Processing is disabled

2024-07-17 06:29:30,856 [shell_command.py:_check_proc_success()] - Command (/home/kkobold/moonraker-env/bin/python /home/kkobold/moonraker/moonraker/components/file_manager/metadata.py -p /home/kkobold/printer_data/gcodes -f "V0_Sherpa_Mini_Mount.gcode") successfully finished
2024-07-17 06:29:30,857 [klippy_apis.py:start_print()] - Requesting Job Start, filename = V0_Sherpa_Mini_Mount.gcode
2024-07-17 06:29:30,872 [application.py:log_request()] - 201 POST /server/files/upload (192.168.2.183) [_TRUSTED_USER_] 1457.09ms
2024-07-17 06:29:31,072 [job_state.py:_status_update()] - Job Started: V0_Sherpa_Mini_Mount.gcode
2024-07-17 06:35:23,186 [klippy_apis.py:start_print()] - Requesting Job Start, filename = V0_Sherpa_Mini_Mount.gcode
2024-07-17 06:35:23,323 [job_state.py:_status_update()] - Job Started: V0_Sherpa_Mini_Mount.gcode
2024-07-17 06:36:46,173 [klippy_apis.py:cancel_print()] - Requesting job cancel...
2024-07-17 06:41:35,153 [klippy_apis.py:start_print()] - Requesting Job Start, filename = V0_Sherpa_Mini_Mount.gcode
2024-07-17 06:41:35,345 [job_state.py:_status_update()] - Job Started: V0_Sherpa_Mini_Mount.gcode
